<?xml version="1.0" encoding="UTF-8" ?>
<testsuite failures="0" time="22.17" errors="1" skipped="0" tests="1" name="org.fusesource.camel.PlaceOrderTest">
  <properties>
[...]
</properties>
  <testcase time="22.064" classname="org.fusesource.camel.PlaceOrderTest" name="testPlacingOrders">
    <error message="mock:orders Received message count. Expected: &lt;2&gt; but was: &lt;0&gt;" type="java.lang.AssertionError">java.lang.AssertionError: mock:orders Received message count. Expected: &lt;2&gt; but was: &lt;0&gt;
	at org.apache.camel.component.mock.MockEndpoint.fail(MockEndpoint.java:731)
	at org.apache.camel.component.mock.MockEndpoint.assertEquals(MockEndpoint.java:713)
	at org.apache.camel.component.mock.MockEndpoint.assertIsSatisfied(MockEndpoint.java:237)
	at org.apache.camel.component.mock.MockEndpoint.assertIsSatisfied(MockEndpoint.java:215)
	at org.fusesource.camel.PlaceOrderTest.testPlacingOrders(PlaceOrderTest.java:44)
</error>
    <system-out>@HL
@HL-------------------------------------------------------
@HL T E S T S
@HL-------------------------------------------------------
@SLRunning org.fusesource.camel.PlaceOrderTest
[                          main] DefaultCamelContext            INFO  JMX enabled. Using InstrumentationLifecycleStrategy.
[                          main] BrokerService                  INFO  Using Persistence Adapter: MemoryPersistenceAdapter
[                          main] BrokerService                  INFO  ActiveMQ 5.2.0 JMS Message Broker (localhost) is starting
[                          main] BrokerService                  INFO  For help or more information please see: http://activemq.apache.org/
[                          main] TransportServerThreadSupport   INFO  Listening for connections at: tcp://MA-LT6255:61616
[                          main] TransportConnector             INFO  Connector tcp://localhost:61616 Started
[                          main] BrokerService                  INFO  ActiveMQ JMS Message Broker (localhost, ID:MA-LT6255-52646-1317819394137-0:0) started
[                          main] DefaultCamelContext            INFO  Apache Camel 1.6.0 (CamelContext:camelContext) is starting
[                          main] ChoiceType                     WARN  No otherwise clause was specified for a choice block -- any unmatched exchanges will be dropped
[                          main] DefaultCamelContext            INFO  Apache Camel 1.6.0 (CamelContext:camelContext) started
[                          main] MockEndpoint                   INFO  Asserting: Endpoint[mock:orders] is satisfied
</system-out>
  </testcase>
</testsuite>